<?xml version="1.0" encoding="UTF-8"?>
<testsuite name="com.luence.app.AppTest" tests="1" skipped="0" failures="0" errors="0" timestamp="2023-04-26T03:54:08" hostname="DESKTOP-KMP7ST5" time="0.508">
  <properties/>
  <testcase name="appHasAGreeting" classname="com.luence.app.AppTest" time="0.508"/>
  <system-out><![CDATA[]]></system-out>
  <system-err><![CDATA[]]></system-err>
</testsuite>
